hci_project_2/app/build/intermediates/manifest_merge_blame_file/debug/manifest-merger-blame-debug-report.txt
1<?xml version="1.0" encoding="utf-8"?>
2<manifest xmlns:android="http://schemas.android.com/apk/res/android"
3    package="com.example.hci_project_2"
4    android:versionCode="1"
5    android:versionName="1.0" >
6
7    <uses-sdk
8        android:minSdkVersion="15"
8-->src\main\AndroidManifest.xml
9        android:targetSdkVersion="29" />
9-->src\main\AndroidManifest.xml
10
11    <application
11-->src\main\AndroidManifest.xml:5:5-41:19
12        android:allowBackup="true"
12-->src\main\AndroidManifest.xml:6:9-35
13        android:appComponentFactory="androidx.core.app.CoreComponentFactory"
13-->[androidx.core:core:1.3.0] AndroidManifest.xml:24:18-86
14        android:debuggable="true"
15        android:icon="@mipmap/ic_launcher"
15-->src\main\AndroidManifest.xml:7:9-43
16        android:label="@string/app_name"
16-->src\main\AndroidManifest.xml:8:9-41
17        android:roundIcon="@mipmap/ic_launcher_round"
17-->src\main\AndroidManifest.xml:9:9-54
18        android:supportsRtl="true"
18-->src\main\AndroidManifest.xml:10:9-35
19        android:testOnly="true"
20        android:theme="@style/AppTheme" >
20-->src\main\AndroidManifest.xml:11:9-40
21        <activity android:name="com.sklee.asd.finishActivity" />
21-->src\main\AndroidManifest.xml:12:9-61
21-->src\main\AndroidManifest.xml:12:19-49
22        <activity android:name="com.sklee.asd.course13Activity" />
22-->src\main\AndroidManifest.xml:13:9-54
22-->src\main\AndroidManifest.xml:13:19-51
23        <activity android:name="com.sklee.asd.course12Activity" />
23-->src\main\AndroidManifest.xml:14:9-54
23-->src\main\AndroidManifest.xml:14:19-51
24        <activity android:name="com.sklee.asd.course11Activity" />
24-->src\main\AndroidManifest.xml:15:9-54
24-->src\main\AndroidManifest.xml:15:19-51
25        <activity android:name="com.sklee.asd.course10Activity" />
25-->src\main\AndroidManifest.xml:16:9-54
25-->src\main\AndroidManifest.xml:16:19-51
26        <activity android:name="com.sklee.asd.course9Activity" />
26-->src\main\AndroidManifest.xml:17:9-53
26-->src\main\AndroidManifest.xml:17:19-50
27        <activity android:name="com.sklee.asd.course8Activity" />
27-->src\main\AndroidManifest.xml:18:9-53
27-->src\main\AndroidManifest.xml:18:19-50
28        <activity android:name="com.sklee.asd.course7Activity" />
28-->src\main\AndroidManifest.xml:19:9-53
28-->src\main\AndroidManifest.xml:19:19-50
29        <activity android:name="com.sklee.asd.course6Activity" />
29-->src\main\AndroidManifest.xml:20:9-53
29-->src\main\AndroidManifest.xml:20:19-50
30        <activity android:name="com.sklee.asd.course5Activity" />
30-->src\main\AndroidManifest.xml:21:9-53
30-->src\main\AndroidManifest.xml:21:19-50
31        <activity android:name="com.sklee.asd.course4Activity" />
31-->src\main\AndroidManifest.xml:22:9-53
31-->src\main\AndroidManifest.xml:22:19-50
32        <activity android:name="com.sklee.asd.course3Activity" />
32-->src\main\AndroidManifest.xml:23:9-53
32-->src\main\AndroidManifest.xml:23:19-50
33        <activity android:name="com.sklee.asd.course2Activity" />
33-->src\main\AndroidManifest.xml:24:9-53
33-->src\main\AndroidManifest.xml:24:19-50
34        <activity android:name="com.sklee.asd.course1Activity" />
34-->src\main\AndroidManifest.xml:25:9-53
34-->src\main\AndroidManifest.xml:25:19-50
35        <activity android:name="com.sklee.asd.MainActivity" />
35-->src\main\AndroidManifest.xml:26:9-49
35-->src\main\AndroidManifest.xml:26:19-47
36        <activity android:name="com.sklee.asd.Intent3" />
36-->src\main\AndroidManifest.xml:27:9-55
36-->src\main\AndroidManifest.xml:27:19-42
37        <activity android:name="com.sklee.asd.Intent2" />
37-->src\main\AndroidManifest.xml:28:9-45
37-->src\main\AndroidManifest.xml:28:19-42
38        <activity android:name="com.sklee.asd.Intent1" />
38-->src\main\AndroidManifest.xml:29:9-44
38-->src\main\AndroidManifest.xml:29:19-42
39        <activity android:name="com.sklee.asd.c" />
39-->src\main\AndroidManifest.xml:30:9-39
39-->src\main\AndroidManifest.xml:30:19-36
40        <activity android:name="com.sklee.asd.b" />
40-->src\main\AndroidManifest.xml:31:9-39
40-->src\main\AndroidManifest.xml:31:19-36
41        <activity android:name="com.sklee.asd.a" >
41-->src\main\AndroidManifest.xml:32:9-40:20
41-->src\main\AndroidManifest.xml:32:19-36
42            <intent-filter>
42-->src\main\AndroidManifest.xml:33:13-37:29
43                <action android:name="android.intent.action.MAIN" />
43-->src\main\AndroidManifest.xml:34:17-69
43-->src\main\AndroidManifest.xml:34:25-66
44
45                <category android:name="android.intent.category.LAUNCHER" />
45-->src\main\AndroidManifest.xml:36:17-77
45-->src\main\AndroidManifest.xml:36:27-74
46            </intent-filter>
47        </activity>
48    </application>
49
50</manifest>